slurmstepd: error: *** JOB 10468302 ON tcn875 CANCELLED AT 2025-03-12T14:34:09 ***
slurmstepd: error: *** JOB 10468349 ON tcn873 CANCELLED AT 2025-03-12T14:34:09 ***
slurmstepd: error: *** JOB 10468350 ON tcn874 CANCELLED AT 2025-03-12T14:34:09 ***
slurmstepd: error: *** JOB 10468348 ON tcn872 CANCELLED AT 2025-03-12T14:34:09 ***
slurmstepd: error: *** JOB 10468347 ON tcn871 CANCELLED AT 2025-03-12T14:34:09 ***
slurmstepd: error: *** JOB 10468346 ON tcn870 CANCELLED AT 2025-03-12T14:34:09 ***
slurmstepd: error: *** JOB 10468345 ON tcn869 CANCELLED AT 2025-03-12T14:34:09 ***
slurmstepd: error: *** JOB 10468344 ON tcn868 CANCELLED AT 2025-03-12T14:34:09 ***
slurmstepd: error: *** JOB 10468343 ON tcn867 CANCELLED AT 2025-03-12T14:34:09 ***
slurmstepd: error: *** JOB 10468342 ON tcn866 CANCELLED AT 2025-03-12T14:34:09 ***
slurmstepd: error: *** JOB 10468341 ON tcn865 CANCELLED AT 2025-03-12T14:34:09 ***
slurmstepd: error: *** JOB 10468340 ON tcn864 CANCELLED AT 2025-03-12T14:34:09 ***
slurmstepd: error: *** JOB 10468339 ON tcn863 CANCELLED AT 2025-03-12T14:34:09 ***
slurmstepd: error: *** JOB 10468337 ON tcn861 CANCELLED AT 2025-03-12T14:34:09 ***
slurmstepd: error: *** JOB 10468335 ON tcn859 CANCELLED AT 2025-03-12T14:34:09 ***
slurmstepd: error: *** JOB 10468334 ON tcn858 CANCELLED AT 2025-03-12T14:34:09 ***
slurmstepd: error: *** JOB 10468333 ON tcn857 CANCELLED AT 2025-03-12T14:34:09 ***
slurmstepd: error: *** JOB 10468338 ON tcn862 CANCELLED AT 2025-03-12T14:34:09 ***
slurmstepd: error: *** JOB 10468332 ON tcn856 CANCELLED AT 2025-03-12T14:34:09 ***
slurmstepd: error: *** JOB 10468330 ON tcn854 CANCELLED AT 2025-03-12T14:34:09 ***
slurmstepd: error: *** JOB 10468331 ON tcn855 CANCELLED AT 2025-03-12T14:34:09 ***
slurmstepd: error: *** JOB 10468329 ON tcn823 CANCELLED AT 2025-03-12T14:34:09 ***
slurmstepd: error: *** JOB 10468328 ON tcn822 CANCELLED AT 2025-03-12T14:34:09 ***
slurmstepd: error: *** JOB 10468326 ON tcn820 CANCELLED AT 2025-03-12T14:34:09 ***
slurmstepd: error: *** JOB 10468327 ON tcn821 CANCELLED AT 2025-03-12T14:34:09 ***
slurmstepd: error: *** JOB 10468325 ON tcn819 CANCELLED AT 2025-03-12T14:34:09 ***
slurmstepd: error: *** JOB 10468324 ON tcn817 CANCELLED AT 2025-03-12T14:34:09 ***
slurmstepd: error: *** JOB 10468322 ON tcn815 CANCELLED AT 2025-03-12T14:34:09 ***
slurmstepd: error: *** JOB 10468323 ON tcn816 CANCELLED AT 2025-03-12T14:34:09 ***
slurmstepd: error: *** JOB 10468321 ON tcn814 CANCELLED AT 2025-03-12T14:34:09 ***
slurmstepd: error: *** JOB 10468320 ON tcn1024 CANCELLED AT 2025-03-12T14:34:09 ***
slurmstepd: error: *** JOB 10468319 ON tcn1021 CANCELLED AT 2025-03-12T14:34:09 ***
slurmstepd: error: *** JOB 10468317 ON tcn1019 CANCELLED AT 2025-03-12T14:34:09 ***
slurmstepd: error: *** JOB 10468318 ON tcn1020 CANCELLED AT 2025-03-12T14:34:09 ***
slurmstepd: error: *** JOB 10468316 ON tcn1006 CANCELLED AT 2025-03-12T14:34:09 ***
slurmstepd: error: *** JOB 10468315 ON tcn1002 CANCELLED AT 2025-03-12T14:34:09 ***
slurmstepd: error: *** JOB 10468314 ON tcn981 CANCELLED AT 2025-03-12T14:34:09 ***
slurmstepd: error: *** JOB 10468313 ON tcn979 CANCELLED AT 2025-03-12T14:34:09 ***
slurmstepd: error: *** JOB 10468312 ON tcn977 CANCELLED AT 2025-03-12T14:34:09 ***
slurmstepd: error: *** JOB 10468310 ON tcn968 CANCELLED AT 2025-03-12T14:34:09 ***
slurmstepd: error: *** JOB 10468311 ON tcn974 CANCELLED AT 2025-03-12T14:34:09 ***
slurmstepd: error: *** JOB 10468309 ON tcn1101 CANCELLED AT 2025-03-12T14:34:09 ***
slurmstepd: error: *** JOB 10468308 ON tcn1083 CANCELLED AT 2025-03-12T14:34:09 ***
slurmstepd: error: *** JOB 10468307 ON tcn1063 CANCELLED AT 2025-03-12T14:34:09 ***
slurmstepd: error: *** JOB 10468305 ON tcn1061 CANCELLED AT 2025-03-12T14:34:09 ***

JOB STATISTICS
==============
Job ID: 10468349
Array Job ID: 10468302_46
Cluster: snellius
User/Group: njafarian/njafarian
State: CANCELLED (exit code 0)
Nodes: 1
Cores per node: 192
CPU Utilized: 00:00:00
CPU Efficiency: 0.00% of 01:20:00 core-walltime
Job Wall-clock time: 00:00:25
Memory Utilized: 1.97 MB
Memory Efficiency: 0.00% of 336.00 GB

JOB STATISTICS
==============
Job ID: 10468350
Array Job ID: 10468302_47
Cluster: snellius
User/Group: njafarian/njafarian
State: CANCELLED (exit code 0)
Nodes: 1
Cores per node: 192
CPU Utilized: 00:00:00
CPU Efficiency: 0.00% of 01:20:00 core-walltime
Job Wall-clock time: 00:00:25
Memory Utilized: 1.98 MB
Memory Efficiency: 0.00% of 336.00 GB

JOB STATISTICS
==============
Job ID: 10468348
Array Job ID: 10468302_45
Cluster: snellius
User/Group: njafarian/njafarian
State: CANCELLED (exit code 0)
Nodes: 1
Cores per node: 192
CPU Utilized: 00:00:00
CPU Efficiency: 0.00% of 01:20:00 core-walltime
Job Wall-clock time: 00:00:25
Memory Utilized: 1.96 MB
Memory Efficiency: 0.00% of 336.00 GB

JOB STATISTICS
==============
Job ID: 10468347
Array Job ID: 10468302_44
Cluster: snellius
User/Group: njafarian/njafarian
State: CANCELLED (exit code 0)
Nodes: 1
Cores per node: 192
CPU Utilized: 00:00:00
CPU Efficiency: 0.00% of 01:20:00 core-walltime
Job Wall-clock time: 00:00:25
Memory Utilized: 1.96 MB
Memory Efficiency: 0.00% of 336.00 GB

JOB STATISTICS
==============
Job ID: 10468345
Array Job ID: 10468302_42
Cluster: snellius
User/Group: njafarian/njafarian
State: CANCELLED (exit code 0)
Nodes: 1
Cores per node: 192
CPU Utilized: 00:00:00
CPU Efficiency: 0.00% of 01:20:00 core-walltime
Job Wall-clock time: 00:00:25
Memory Utilized: 1.97 MB
Memory Efficiency: 0.00% of 336.00 GB

JOB STATISTICS
==============
Job ID: 10468343
Array Job ID: 10468302_40
Cluster: snellius
User/Group: njafarian/njafarian
State: CANCELLED (exit code 0)
Nodes: 1
Cores per node: 192
CPU Utilized: 00:00:00
CPU Efficiency: 0.00% of 01:20:00 core-walltime
Job Wall-clock time: 00:00:25
Memory Utilized: 1.98 MB
Memory Efficiency: 0.00% of 336.00 GB

JOB STATISTICS
==============
Job ID: 10468344
Array Job ID: 10468302_41
Cluster: snellius
User/Group: njafarian/njafarian
State: CANCELLED (exit code 0)
Nodes: 1
Cores per node: 192
CPU Utilized: 00:00:00
CPU Efficiency: 0.00% of 01:20:00 core-walltime
Job Wall-clock time: 00:00:25
Memory Utilized: 1.97 MB
Memory Efficiency: 0.00% of 336.00 GB

JOB STATISTICS
==============
Job ID: 10468342
Array Job ID: 10468302_39
Cluster: snellius
User/Group: njafarian/njafarian
State: CANCELLED (exit code 0)
Nodes: 1
Cores per node: 192
CPU Utilized: 00:00:00
CPU Efficiency: 0.00% of 01:20:00 core-walltime
Job Wall-clock time: 00:00:25
Memory Utilized: 1.99 MB
Memory Efficiency: 0.00% of 336.00 GB

JOB STATISTICS
==============
Job ID: 10468341
Array Job ID: 10468302_38
Cluster: snellius
User/Group: njafarian/njafarian
State: CANCELLED (exit code 0)
Nodes: 1
Cores per node: 192
CPU Utilized: 00:00:00
CPU Efficiency: 0.00% of 01:20:00 core-walltime
Job Wall-clock time: 00:00:25
Memory Utilized: 1.98 MB
Memory Efficiency: 0.00% of 336.00 GB

JOB STATISTICS
==============
Job ID: 10468339
Array Job ID: 10468302_36
Cluster: snellius
User/Group: njafarian/njafarian
State: CANCELLED (exit code 0)
Nodes: 1
Cores per node: 192
CPU Utilized: 00:00:00
CPU Efficiency: 0.00% of 01:20:00 core-walltime
Job Wall-clock time: 00:00:25
Memory Utilized: 1.94 MB
Memory Efficiency: 0.00% of 336.00 GB

JOB STATISTICS
==============
Job ID: 10468340
Array Job ID: 10468302_37
Cluster: snellius
User/Group: njafarian/njafarian
State: CANCELLED (exit code 0)
Nodes: 1
Cores per node: 192
CPU Utilized: 00:00:00
CPU Efficiency: 0.00% of 01:20:00 core-walltime
Job Wall-clock time: 00:00:25
Memory Utilized: 1.97 MB
Memory Efficiency: 0.00% of 336.00 GB

JOB STATISTICS
==============
Job ID: 10468337
Array Job ID: 10468302_34
Cluster: snellius
User/Group: njafarian/njafarian
State: CANCELLED (exit code 0)
Nodes: 1
Cores per node: 192
CPU Utilized: 00:00:00
CPU Efficiency: 0.00% of 01:20:00 core-walltime
Job Wall-clock time: 00:00:25
Memory Utilized: 1.98 MB
Memory Efficiency: 0.00% of 336.00 GB

JOB STATISTICS
==============
Job ID: 10468335
Array Job ID: 10468302_32
Cluster: snellius
User/Group: njafarian/njafarian
State: CANCELLED (exit code 0)
Nodes: 1
Cores per node: 192
CPU Utilized: 00:00:00
CPU Efficiency: 0.00% of 01:20:00 core-walltime
Job Wall-clock time: 00:00:25
Memory Utilized: 1.96 MB
Memory Efficiency: 0.00% of 336.00 GB

JOB STATISTICS
==============
Job ID: 10468334
Array Job ID: 10468302_31
Cluster: snellius
User/Group: njafarian/njafarian
State: CANCELLED (exit code 0)
Nodes: 1
Cores per node: 192
CPU Utilized: 00:00:00
CPU Efficiency: 0.00% of 01:20:00 core-walltime
Job Wall-clock time: 00:00:25
Memory Utilized: 1.97 MB
Memory Efficiency: 0.00% of 336.00 GB

JOB STATISTICS
==============
Job ID: 10468330
Array Job ID: 10468302_27
Cluster: snellius
User/Group: njafarian/njafarian
State: CANCELLED (exit code 0)
Nodes: 1
Cores per node: 192
CPU Utilized: 00:00:00
CPU Efficiency: 0.00% of 01:20:00 core-walltime
Job Wall-clock time: 00:00:25
Memory Utilized: 1.97 MB
Memory Efficiency: 0.00% of 336.00 GB

JOB STATISTICS
==============
Job ID: 10468338
Array Job ID: 10468302_35
Cluster: snellius
User/Group: njafarian/njafarian
State: CANCELLED (exit code 0)
Nodes: 1
Cores per node: 192
CPU Utilized: 00:00:00
CPU Efficiency: 0.00% of 01:20:00 core-walltime
Job Wall-clock time: 00:00:25
Memory Utilized: 1.97 MB
Memory Efficiency: 0.00% of 336.00 GB

JOB STATISTICS
==============
Job ID: 10468331
Array Job ID: 10468302_28
Cluster: snellius
User/Group: njafarian/njafarian
State: CANCELLED (exit code 0)
Nodes: 1
Cores per node: 192
CPU Utilized: 00:00:00
CPU Efficiency: 0.00% of 01:20:00 core-walltime
Job Wall-clock time: 00:00:25
Memory Utilized: 1.97 MB
Memory Efficiency: 0.00% of 336.00 GB

JOB STATISTICS
==============
Job ID: 10468333
Array Job ID: 10468302_30
Cluster: snellius
User/Group: njafarian/njafarian
State: CANCELLED (exit code 0)
Nodes: 1
Cores per node: 192
CPU Utilized: 00:00:00
CPU Efficiency: 0.00% of 01:20:00 core-walltime
Job Wall-clock time: 00:00:25
Memory Utilized: 2.00 MB
Memory Efficiency: 0.00% of 336.00 GB

JOB STATISTICS
==============
Job ID: 10468329
Array Job ID: 10468302_26
Cluster: snellius
User/Group: njafarian/njafarian
State: CANCELLED (exit code 0)
Nodes: 1
Cores per node: 192
CPU Utilized: 00:00:00
CPU Efficiency: 0.00% of 01:20:00 core-walltime
Job Wall-clock time: 00:00:25
Memory Utilized: 1.95 MB
Memory Efficiency: 0.00% of 336.00 GB

JOB STATISTICS
==============
Job ID: 10468328
Array Job ID: 10468302_25
Cluster: snellius
User/Group: njafarian/njafarian
State: CANCELLED (exit code 0)
Nodes: 1
Cores per node: 192
CPU Utilized: 00:00:00
CPU Efficiency: 0.00% of 01:20:00 core-walltime
Job Wall-clock time: 00:00:25
Memory Utilized: 1.97 MB
Memory Efficiency: 0.00% of 336.00 GB

JOB STATISTICS
==============
Job ID: 10468327
Array Job ID: 10468302_24
Cluster: snellius
User/Group: njafarian/njafarian
State: CANCELLED (exit code 0)
Nodes: 1
Cores per node: 192
CPU Utilized: 00:00:00
CPU Efficiency: 0.00% of 01:20:00 core-walltime
Job Wall-clock time: 00:00:25
Memory Utilized: 1.97 MB
Memory Efficiency: 0.00% of 336.00 GB

JOB STATISTICS
==============
Job ID: 10468326
Array Job ID: 10468302_23
Cluster: snellius
User/Group: njafarian/njafarian
State: CANCELLED (exit code 0)
Nodes: 1
Cores per node: 192
CPU Utilized: 00:00:00
CPU Efficiency: 0.00% of 01:20:00 core-walltime
Job Wall-clock time: 00:00:25
Memory Utilized: 1.98 MB
Memory Efficiency: 0.00% of 336.00 GB

JOB STATISTICS
==============
Job ID: 10468324
Array Job ID: 10468302_21
Cluster: snellius
User/Group: njafarian/njafarian
State: CANCELLED (exit code 0)
Nodes: 1
Cores per node: 192
CPU Utilized: 00:00:00
CPU Efficiency: 0.00% of 01:20:00 core-walltime
Job Wall-clock time: 00:00:25
Memory Utilized: 1.99 MB
Memory Efficiency: 0.00% of 336.00 GB

JOB STATISTICS
==============
Job ID: 10468325
Array Job ID: 10468302_22
Cluster: snellius
User/Group: njafarian/njafarian
State: CANCELLED (exit code 0)
Nodes: 1
Cores per node: 192
CPU Utilized: 00:00:00
CPU Efficiency: 0.00% of 01:20:00 core-walltime
Job Wall-clock time: 00:00:25
Memory Utilized: 1.96 MB
Memory Efficiency: 0.00% of 336.00 GB

JOB STATISTICS
==============
Job ID: 10468323
Array Job ID: 10468302_20
Cluster: snellius
User/Group: njafarian/njafarian
State: CANCELLED (exit code 0)
Nodes: 1
Cores per node: 192
CPU Utilized: 00:00:00
CPU Efficiency: 0.00% of 01:20:00 core-walltime
Job Wall-clock time: 00:00:25
Memory Utilized: 2.01 MB
Memory Efficiency: 0.00% of 336.00 GB

JOB STATISTICS
==============
Job ID: 10468316
Array Job ID: 10468302_13
Cluster: snellius
User/Group: njafarian/njafarian
State: CANCELLED (exit code 0)
Nodes: 1
Cores per node: 192
CPU Utilized: 00:00:00
CPU Efficiency: 0.00% of 01:20:00 core-walltime
Job Wall-clock time: 00:00:25
Memory Utilized: 2.00 MB
Memory Efficiency: 0.00% of 336.00 GB

JOB STATISTICS
==============
Job ID: 10468319
Array Job ID: 10468302_16
Cluster: snellius
User/Group: njafarian/njafarian
State: CANCELLED (exit code 0)
Nodes: 1
Cores per node: 192
CPU Utilized: 00:00:00
CPU Efficiency: 0.00% of 01:20:00 core-walltime
Job Wall-clock time: 00:00:25
Memory Utilized: 1.96 MB
Memory Efficiency: 0.00% of 336.00 GB

JOB STATISTICS
==============
Job ID: 10468332
Array Job ID: 10468302_29
Cluster: snellius
User/Group: njafarian/njafarian
State: CANCELLED (exit code 0)
Nodes: 1
Cores per node: 192
CPU Utilized: 00:00:00
CPU Efficiency: 0.00% of 01:20:00 core-walltime
Job Wall-clock time: 00:00:25
Memory Utilized: 1.96 MB
Memory Efficiency: 0.00% of 336.00 GB

JOB STATISTICS
==============
Job ID: 10468317
Array Job ID: 10468302_14
Cluster: snellius
User/Group: njafarian/njafarian
State: CANCELLED (exit code 0)
Nodes: 1
Cores per node: 192
CPU Utilized: 00:00:00
CPU Efficiency: 0.00% of 01:20:00 core-walltime
Job Wall-clock time: 00:00:25
Memory Utilized: 1.98 MB
Memory Efficiency: 0.00% of 336.00 GB

JOB STATISTICS
==============
Job ID: 10468320
Array Job ID: 10468302_17
Cluster: snellius
User/Group: njafarian/njafarian
State: CANCELLED (exit code 0)
Nodes: 1
Cores per node: 192
CPU Utilized: 00:00:00
CPU Efficiency: 0.00% of 01:20:00 core-walltime
Job Wall-clock time: 00:00:25
Memory Utilized: 1.96 MB
Memory Efficiency: 0.00% of 336.00 GB

JOB STATISTICS
==============
Job ID: 10468315
Array Job ID: 10468302_12
Cluster: snellius
User/Group: njafarian/njafarian
State: CANCELLED (exit code 0)
Nodes: 1
Cores per node: 192
CPU Utilized: 00:00:00
CPU Efficiency: 0.00% of 01:20:00 core-walltime
Job Wall-clock time: 00:00:25
Memory Utilized: 1.95 MB
Memory Efficiency: 0.00% of 336.00 GB

JOB STATISTICS
==============
Job ID: 10468309
Array Job ID: 10468302_6
Cluster: snellius
User/Group: njafarian/njafarian
State: CANCELLED (exit code 0)
Nodes: 1
Cores per node: 192
CPU Utilized: 00:00:00
CPU Efficiency: 0.00% of 01:20:00 core-walltime
Job Wall-clock time: 00:00:25
Memory Utilized: 1.96 MB
Memory Efficiency: 0.00% of 336.00 GB

JOB STATISTICS
==============
Job ID: 10468314
Array Job ID: 10468302_11
Cluster: snellius
User/Group: njafarian/njafarian
State: CANCELLED (exit code 0)
Nodes: 1
Cores per node: 192
CPU Utilized: 00:00:00
CPU Efficiency: 0.00% of 01:20:00 core-walltime
Job Wall-clock time: 00:00:25
Memory Utilized: 2.00 MB
Memory Efficiency: 0.00% of 336.00 GB

JOB STATISTICS
==============
Job ID: 10468321
Array Job ID: 10468302_18
Cluster: snellius
User/Group: njafarian/njafarian
State: CANCELLED (exit code 0)
Nodes: 1
Cores per node: 192
CPU Utilized: 00:00:00
CPU Efficiency: 0.00% of 01:20:00 core-walltime
Job Wall-clock time: 00:00:25
Memory Utilized: 1.99 MB
Memory Efficiency: 0.00% of 336.00 GB

JOB STATISTICS
==============
Job ID: 10468313
Array Job ID: 10468302_10
Cluster: snellius
User/Group: njafarian/njafarian
State: CANCELLED (exit code 0)
Nodes: 1
Cores per node: 192
CPU Utilized: 00:00:00
CPU Efficiency: 0.00% of 01:20:00 core-walltime
Job Wall-clock time: 00:00:25
Memory Utilized: 2.01 MB
Memory Efficiency: 0.00% of 336.00 GB

JOB STATISTICS
==============
Job ID: 10468311
Array Job ID: 10468302_8
Cluster: snellius
User/Group: njafarian/njafarian
State: CANCELLED (exit code 0)
Nodes: 1
Cores per node: 192
CPU Utilized: 00:00:00
CPU Efficiency: 0.00% of 01:20:00 core-walltime
Job Wall-clock time: 00:00:25
Memory Utilized: 1.99 MB
Memory Efficiency: 0.00% of 336.00 GB

JOB STATISTICS
==============
Job ID: 10468312
Array Job ID: 10468302_9
Cluster: snellius
User/Group: njafarian/njafarian
State: CANCELLED (exit code 0)
Nodes: 1
Cores per node: 192
CPU Utilized: 00:00:00
CPU Efficiency: 0.00% of 01:20:00 core-walltime
Job Wall-clock time: 00:00:25
Memory Utilized: 1.97 MB
Memory Efficiency: 0.00% of 336.00 GB

JOB STATISTICS
==============
Job ID: 10468310
Array Job ID: 10468302_7
Cluster: snellius
User/Group: njafarian/njafarian
State: CANCELLED (exit code 0)
Nodes: 1
Cores per node: 192
CPU Utilized: 00:00:00
CPU Efficiency: 0.00% of 01:20:00 core-walltime
Job Wall-clock time: 00:00:25
Memory Utilized: 2.00 MB
Memory Efficiency: 0.00% of 336.00 GB

JOB STATISTICS
==============
Job ID: 10468307
Array Job ID: 10468302_4
Cluster: snellius
User/Group: njafarian/njafarian
State: CANCELLED (exit code 0)
Nodes: 1
Cores per node: 192
CPU Utilized: 00:00:00
CPU Efficiency: 0.00% of 01:20:00 core-walltime
Job Wall-clock time: 00:00:25
Memory Utilized: 1.96 MB
Memory Efficiency: 0.00% of 336.00 GB

JOB STATISTICS
==============
Job ID: 10468305
Array Job ID: 10468302_2
Cluster: snellius
User/Group: njafarian/njafarian
State: CANCELLED (exit code 0)
Nodes: 1
Cores per node: 192
CPU Utilized: 00:00:00
CPU Efficiency: 0.00% of 01:20:00 core-walltime
Job Wall-clock time: 00:00:25
Memory Utilized: 1.98 MB
Memory Efficiency: 0.00% of 336.00 GB

JOB STATISTICS
==============
Job ID: 10468346
Array Job ID: 10468302_43
Cluster: snellius
User/Group: njafarian/njafarian
State: CANCELLED (exit code 0)
Nodes: 1
Cores per node: 192
CPU Utilized: 00:00:00
CPU Efficiency: 0.00% of 01:20:00 core-walltime
Job Wall-clock time: 00:00:25
Memory Utilized: 1.96 MB
Memory Efficiency: 0.00% of 336.00 GB

JOB STATISTICS
==============
Job ID: 10468318
Array Job ID: 10468302_15
Cluster: snellius
User/Group: njafarian/njafarian
State: CANCELLED (exit code 0)
Nodes: 1
Cores per node: 192
CPU Utilized: 00:00:00
CPU Efficiency: 0.00% of 01:20:00 core-walltime
Job Wall-clock time: 00:00:25
Memory Utilized: 1.97 MB
Memory Efficiency: 0.00% of 336.00 GB

JOB STATISTICS
==============
Job ID: 10468322
Array Job ID: 10468302_19
Cluster: snellius
User/Group: njafarian/njafarian
State: CANCELLED (exit code 0)
Nodes: 1
Cores per node: 192
CPU Utilized: 00:00:00
CPU Efficiency: 0.00% of 01:20:00 core-walltime
Job Wall-clock time: 00:00:25
Memory Utilized: 1.97 MB
Memory Efficiency: 0.00% of 336.00 GB

JOB STATISTICS
==============
Job ID: 10468308
Array Job ID: 10468302_5
Cluster: snellius
User/Group: njafarian/njafarian
State: CANCELLED (exit code 0)
Nodes: 1
Cores per node: 192
CPU Utilized: 00:00:00
CPU Efficiency: 0.00% of 01:20:00 core-walltime
Job Wall-clock time: 00:00:25
Memory Utilized: 1.99 MB
Memory Efficiency: 0.00% of 336.00 GB
