
JOB STATISTICS
==============
Job ID: 10465845
Array Job ID: 10465844_0
Cluster: snellius
User/Group: njafarian/njafarian
State: RUNNING
Nodes: 1
Cores per node: 192
CPU Utilized: 00:00:00
CPU Efficiency: 0.00% of 00:38:24 core-walltime
Job Wall-clock time: 00:00:12
Memory Utilized: 0.00 MB (estimated maximum)
Memory Efficiency: 0.00% of 336.00 GB (1.75 GB/core)
WARNING: Efficiency statistics may be misleading for RUNNING jobs.

JOB STATISTICS
==============
Job ID: 10465878
Array Job ID: 10465844_33
Cluster: snellius
User/Group: njafarian/njafarian
State: COMPLETED (exit code 0)
Nodes: 1
Cores per node: 192
CPU Utilized: 00:00:00
CPU Efficiency: 0.00% of 00:38:24 core-walltime
Job Wall-clock time: 00:00:12
Memory Utilized: 1.99 MB
Memory Efficiency: 0.00% of 336.00 GB
Loaded 49 adjacency matrices.
Number of combinations: 25

JOB STATISTICS
==============
Job ID: 10465848
Array Job ID: 10465844_3
Cluster: snellius
User/Group: njafarian/njafarian
State: RUNNING
Nodes: 1
Cores per node: 192
CPU Utilized: 00:00:00
CPU Efficiency: 0.00% of 2-19:56:48 core-walltime
Job Wall-clock time: 00:21:14
Memory Utilized: 0.00 MB (estimated maximum)
Memory Efficiency: 0.00% of 336.00 GB (1.75 GB/core)
WARNING: Efficiency statistics may be misleading for RUNNING jobs.
Loaded 49 adjacency matrices.
Number of combinations: 25

JOB STATISTICS
==============
Job ID: 10465846
Array Job ID: 10465844_1
Cluster: snellius
User/Group: njafarian/njafarian
State: RUNNING
Nodes: 1
Cores per node: 192
CPU Utilized: 00:00:00
CPU Efficiency: 0.00% of 2-20:38:24 core-walltime
Job Wall-clock time: 00:21:27
Memory Utilized: 0.00 MB (estimated maximum)
Memory Efficiency: 0.00% of 336.00 GB (1.75 GB/core)
WARNING: Efficiency statistics may be misleading for RUNNING jobs.
slurmstepd: error: *** JOB 10465844 ON tcn582 CANCELLED AT 2025-03-12T14:31:56 ***
slurmstepd: error: *** JOB 10465892 ON tcn581 CANCELLED AT 2025-03-12T14:31:56 ***
slurmstepd: error: *** JOB 10465891 ON tcn580 CANCELLED AT 2025-03-12T14:31:56 ***
slurmstepd: error: *** JOB 10465890 ON tcn579 CANCELLED AT 2025-03-12T14:31:56 ***
slurmstepd: error: *** JOB 10465889 ON tcn578 CANCELLED AT 2025-03-12T14:31:56 ***
slurmstepd: error: *** JOB 10465888 ON tcn577 CANCELLED AT 2025-03-12T14:31:56 ***
slurmstepd: error: *** JOB 10465886 ON tcn575 CANCELLED AT 2025-03-12T14:31:56 ***
slurmstepd: error: *** JOB 10465887 ON tcn576 CANCELLED AT 2025-03-12T14:31:56 ***
slurmstepd: error: *** JOB 10465885 ON tcn574 CANCELLED AT 2025-03-12T14:31:56 ***
slurmstepd: error: *** JOB 10465884 ON tcn573 CANCELLED AT 2025-03-12T14:31:56 ***
slurmstepd: error: *** JOB 10465883 ON tcn572 CANCELLED AT 2025-03-12T14:31:56 ***
slurmstepd: error: *** JOB 10465882 ON tcn571 CANCELLED AT 2025-03-12T14:31:56 ***
slurmstepd: error: *** JOB 10465881 ON tcn570 CANCELLED AT 2025-03-12T14:31:56 ***
slurmstepd: error: *** JOB 10465880 ON tcn569 CANCELLED AT 2025-03-12T14:31:56 ***
slurmstepd: error: *** JOB 10465879 ON tcn568 CANCELLED AT 2025-03-12T14:31:56 ***
slurmstepd: error: *** JOB 10465876 ON tcn565 CANCELLED AT 2025-03-12T14:31:56 ***
slurmstepd: error: *** JOB 10465877 ON tcn566 CANCELLED AT 2025-03-12T14:31:56 ***
slurmstepd: error: *** JOB 10465875 ON tcn564 CANCELLED AT 2025-03-12T14:31:56 ***
slurmstepd: error: *** JOB 10465874 ON tcn563 CANCELLED AT 2025-03-12T14:31:56 ***
slurmstepd: error: *** JOB 10465873 ON tcn562 CANCELLED AT 2025-03-12T14:31:56 ***
slurmstepd: error: *** JOB 10465872 ON tcn561 CANCELLED AT 2025-03-12T14:31:56 ***
slurmstepd: error: *** JOB 10465870 ON tcn559 CANCELLED AT 2025-03-12T14:31:56 ***
slurmstepd: error: *** JOB 10465871 ON tcn560 CANCELLED AT 2025-03-12T14:31:56 ***
slurmstepd: error: *** JOB 10465869 ON tcn558 CANCELLED AT 2025-03-12T14:31:56 ***
slurmstepd: error: *** JOB 10465868 ON tcn557 CANCELLED AT 2025-03-12T14:31:56 ***
slurmstepd: error: *** JOB 10465867 ON tcn556 CANCELLED AT 2025-03-12T14:31:56 ***
slurmstepd: error: *** JOB 10465866 ON tcn555 CANCELLED AT 2025-03-12T14:31:56 ***
slurmstepd: error: *** JOB 10465865 ON tcn554 CANCELLED AT 2025-03-12T14:31:56 ***
slurmstepd: error: *** JOB 10465864 ON tcn553 CANCELLED AT 2025-03-12T14:31:56 ***
slurmstepd: error: *** JOB 10465863 ON tcn552 CANCELLED AT 2025-03-12T14:31:56 ***
slurmstepd: error: *** JOB 10465862 ON tcn551 CANCELLED AT 2025-03-12T14:31:56 ***
slurmstepd: error: *** JOB 10465861 ON tcn549 CANCELLED AT 2025-03-12T14:31:56 ***
slurmstepd: error: *** JOB 10465860 ON tcn548 CANCELLED AT 2025-03-12T14:31:56 ***
slurmstepd: error: *** JOB 10465859 ON tcn547 CANCELLED AT 2025-03-12T14:31:56 ***
slurmstepd: error: *** JOB 10465857 ON tcn545 CANCELLED AT 2025-03-12T14:31:56 ***
slurmstepd: error: *** JOB 10465858 ON tcn546 CANCELLED AT 2025-03-12T14:31:56 ***
slurmstepd: error: *** JOB 10465855 ON tcn543 CANCELLED AT 2025-03-12T14:31:56 ***
slurmstepd: error: *** JOB 10465856 ON tcn544 CANCELLED AT 2025-03-12T14:31:56 ***
slurmstepd: error: *** JOB 10465854 ON tcn542 CANCELLED AT 2025-03-12T14:31:56 ***
slurmstepd: error: *** JOB 10465853 ON tcn541 CANCELLED AT 2025-03-12T14:31:56 ***
slurmstepd: error: *** JOB 10465852 ON tcn540 CANCELLED AT 2025-03-12T14:31:56 ***
slurmstepd: error: *** JOB 10465851 ON tcn539 CANCELLED AT 2025-03-12T14:31:56 ***
slurmstepd: error: *** JOB 10465850 ON tcn538 CANCELLED AT 2025-03-12T14:31:56 ***
slurmstepd: error: *** JOB 10465849 ON tcn537 CANCELLED AT 2025-03-12T14:31:56 ***
slurmstepd: error: *** JOB 10465847 ON tcn535 CANCELLED AT 2025-03-12T14:31:56 ***

JOB STATISTICS
==============
Job ID: 10465892
Array Job ID: 10465844_47
Cluster: snellius
User/Group: njafarian/njafarian
State: CANCELLED (exit code 0)
Nodes: 1
Cores per node: 192
CPU Utilized: 00:00:00
CPU Efficiency: 0.00% of 10-18:30:24 core-walltime
Job Wall-clock time: 01:20:47
Memory Utilized: 64.49 MB
Memory Efficiency: 0.02% of 336.00 GB

JOB STATISTICS
==============
Job ID: 10465891
Array Job ID: 10465844_46
Cluster: snellius
User/Group: njafarian/njafarian
State: CANCELLED (exit code 0)
Nodes: 1
Cores per node: 192
CPU Utilized: 00:00:00
CPU Efficiency: 0.00% of 10-18:30:24 core-walltime
Job Wall-clock time: 01:20:47
Memory Utilized: 66.35 MB
Memory Efficiency: 0.02% of 336.00 GB

JOB STATISTICS
==============
Job ID: 10465890
Array Job ID: 10465844_45
Cluster: snellius
User/Group: njafarian/njafarian
State: CANCELLED (exit code 0)
Nodes: 1
Cores per node: 192
CPU Utilized: 00:00:00
CPU Efficiency: 0.00% of 10-18:30:24 core-walltime
Job Wall-clock time: 01:20:47
Memory Utilized: 66.04 MB
Memory Efficiency: 0.02% of 336.00 GB

JOB STATISTICS
==============
Job ID: 10465889
Array Job ID: 10465844_44
Cluster: snellius
User/Group: njafarian/njafarian
State: CANCELLED (exit code 0)
Nodes: 1
Cores per node: 192
CPU Utilized: 00:00:00
CPU Efficiency: 0.00% of 10-18:30:24 core-walltime
Job Wall-clock time: 01:20:47
Memory Utilized: 65.95 MB
Memory Efficiency: 0.02% of 336.00 GB

JOB STATISTICS
==============
Job ID: 10465888
Array Job ID: 10465844_43
Cluster: snellius
User/Group: njafarian/njafarian
State: CANCELLED (exit code 0)
Nodes: 1
Cores per node: 192
CPU Utilized: 00:00:00
CPU Efficiency: 0.00% of 10-18:30:24 core-walltime
Job Wall-clock time: 01:20:47
Memory Utilized: 68.01 MB
Memory Efficiency: 0.02% of 336.00 GB

JOB STATISTICS
==============
Job ID: 10465886
Array Job ID: 10465844_41
Cluster: snellius
User/Group: njafarian/njafarian
State: CANCELLED (exit code 0)
Nodes: 1
Cores per node: 192
CPU Utilized: 00:00:00
CPU Efficiency: 0.00% of 10-18:30:24 core-walltime
Job Wall-clock time: 01:20:47
Memory Utilized: 67.80 MB
Memory Efficiency: 0.02% of 336.00 GB

JOB STATISTICS
==============
Job ID: 10465887
Array Job ID: 10465844_42
Cluster: snellius
User/Group: njafarian/njafarian
State: CANCELLED (exit code 0)
Nodes: 1
Cores per node: 192
CPU Utilized: 00:00:00
CPU Efficiency: 0.00% of 10-18:30:24 core-walltime
Job Wall-clock time: 01:20:47
Memory Utilized: 68.01 MB
Memory Efficiency: 0.02% of 336.00 GB

JOB STATISTICS
==============
Job ID: 10465885
Array Job ID: 10465844_40
Cluster: snellius
User/Group: njafarian/njafarian
State: CANCELLED (exit code 0)
Nodes: 1
Cores per node: 192
CPU Utilized: 00:00:00
CPU Efficiency: 0.00% of 10-18:30:24 core-walltime
Job Wall-clock time: 01:20:47
Memory Utilized: 66.34 MB
Memory Efficiency: 0.02% of 336.00 GB

JOB STATISTICS
==============
Job ID: 10465883
Array Job ID: 10465844_38
Cluster: snellius
User/Group: njafarian/njafarian
State: CANCELLED (exit code 0)
Nodes: 1
Cores per node: 192
CPU Utilized: 00:00:00
CPU Efficiency: 0.00% of 10-18:30:24 core-walltime
Job Wall-clock time: 01:20:47
Memory Utilized: 66.09 MB
Memory Efficiency: 0.02% of 336.00 GB

JOB STATISTICS
==============
Job ID: 10465882
Array Job ID: 10465844_37
Cluster: snellius
User/Group: njafarian/njafarian
State: CANCELLED (exit code 0)
Nodes: 1
Cores per node: 192
CPU Utilized: 00:00:00
CPU Efficiency: 0.00% of 10-18:30:24 core-walltime
Job Wall-clock time: 01:20:47
Memory Utilized: 63.03 MB
Memory Efficiency: 0.02% of 336.00 GB

JOB STATISTICS
==============
Job ID: 10465881
Array Job ID: 10465844_36
Cluster: snellius
User/Group: njafarian/njafarian
State: CANCELLED (exit code 0)
Nodes: 1
Cores per node: 192
CPU Utilized: 00:00:00
CPU Efficiency: 0.00% of 10-18:30:24 core-walltime
Job Wall-clock time: 01:20:47
Memory Utilized: 61.45 MB
Memory Efficiency: 0.02% of 336.00 GB

JOB STATISTICS
==============
Job ID: 10465884
Array Job ID: 10465844_39
Cluster: snellius
User/Group: njafarian/njafarian
State: CANCELLED (exit code 0)
Nodes: 1
Cores per node: 192
CPU Utilized: 00:00:00
CPU Efficiency: 0.00% of 10-18:30:24 core-walltime
Job Wall-clock time: 01:20:47
Memory Utilized: 63.02 MB
Memory Efficiency: 0.02% of 336.00 GB

JOB STATISTICS
==============
Job ID: 10465880
Array Job ID: 10465844_35
Cluster: snellius
User/Group: njafarian/njafarian
State: CANCELLED (exit code 0)
Nodes: 1
Cores per node: 192
CPU Utilized: 00:00:00
CPU Efficiency: 0.00% of 10-18:30:24 core-walltime
Job Wall-clock time: 01:20:47
Memory Utilized: 61.50 MB
Memory Efficiency: 0.02% of 336.00 GB

JOB STATISTICS
==============
Job ID: 10465876
Array Job ID: 10465844_31
Cluster: snellius
User/Group: njafarian/njafarian
State: CANCELLED (exit code 0)
Nodes: 1
Cores per node: 192
CPU Utilized: 00:00:00
CPU Efficiency: 0.00% of 10-18:30:24 core-walltime
Job Wall-clock time: 01:20:47
Memory Utilized: 62.95 MB
Memory Efficiency: 0.02% of 336.00 GB

JOB STATISTICS
==============
Job ID: 10465877
Array Job ID: 10465844_32
Cluster: snellius
User/Group: njafarian/njafarian
State: CANCELLED (exit code 0)
Nodes: 1
Cores per node: 192
CPU Utilized: 00:00:00
CPU Efficiency: 0.00% of 10-18:30:24 core-walltime
Job Wall-clock time: 01:20:47
Memory Utilized: 62.98 MB
Memory Efficiency: 0.02% of 336.00 GB

JOB STATISTICS
==============
Job ID: 10465874
Array Job ID: 10465844_29
Cluster: snellius
User/Group: njafarian/njafarian
State: CANCELLED (exit code 0)
Nodes: 1
Cores per node: 192
CPU Utilized: 00:00:00
CPU Efficiency: 0.00% of 10-18:30:24 core-walltime
Job Wall-clock time: 01:20:47
Memory Utilized: 61.44 MB
Memory Efficiency: 0.02% of 336.00 GB

JOB STATISTICS
==============
Job ID: 10465875
Array Job ID: 10465844_30
Cluster: snellius
User/Group: njafarian/njafarian
State: CANCELLED (exit code 0)
Nodes: 1
Cores per node: 192
CPU Utilized: 00:00:00
CPU Efficiency: 0.00% of 10-18:30:24 core-walltime
Job Wall-clock time: 01:20:47
Memory Utilized: 64.60 MB
Memory Efficiency: 0.02% of 336.00 GB

JOB STATISTICS
==============
Job ID: 10465873
Array Job ID: 10465844_28
Cluster: snellius
User/Group: njafarian/njafarian
State: CANCELLED (exit code 0)
Nodes: 1
Cores per node: 192
CPU Utilized: 00:00:00
CPU Efficiency: 0.00% of 10-18:30:24 core-walltime
Job Wall-clock time: 01:20:47
Memory Utilized: 60.77 MB
Memory Efficiency: 0.02% of 336.00 GB

JOB STATISTICS
==============
Job ID: 10465870
Array Job ID: 10465844_25
Cluster: snellius
User/Group: njafarian/njafarian
State: CANCELLED (exit code 0)
Nodes: 1
Cores per node: 192
CPU Utilized: 00:00:00
CPU Efficiency: 0.00% of 10-18:30:24 core-walltime
Job Wall-clock time: 01:20:47
Memory Utilized: 58.88 MB
Memory Efficiency: 0.02% of 336.00 GB

JOB STATISTICS
==============
Job ID: 10465871
Array Job ID: 10465844_26
Cluster: snellius
User/Group: njafarian/njafarian
State: CANCELLED (exit code 0)
Nodes: 1
Cores per node: 192
CPU Utilized: 00:00:00
CPU Efficiency: 0.00% of 10-18:30:24 core-walltime
Job Wall-clock time: 01:20:47
Memory Utilized: 57.03 MB
Memory Efficiency: 0.02% of 336.00 GB

JOB STATISTICS
==============
Job ID: 10465869
Array Job ID: 10465844_24
Cluster: snellius
User/Group: njafarian/njafarian
State: CANCELLED (exit code 0)
Nodes: 1
Cores per node: 192
CPU Utilized: 00:00:00
CPU Efficiency: 0.00% of 10-18:30:24 core-walltime
Job Wall-clock time: 01:20:47
Memory Utilized: 55.43 MB
Memory Efficiency: 0.02% of 336.00 GB

JOB STATISTICS
==============
Job ID: 10465867
Array Job ID: 10465844_22
Cluster: snellius
User/Group: njafarian/njafarian
State: CANCELLED (exit code 0)
Nodes: 1
Cores per node: 192
CPU Utilized: 00:00:00
CPU Efficiency: 0.00% of 10-18:30:24 core-walltime
Job Wall-clock time: 01:20:47
Memory Utilized: 54.03 MB
Memory Efficiency: 0.02% of 336.00 GB

JOB STATISTICS
==============
Job ID: 10465868
Array Job ID: 10465844_23
Cluster: snellius
User/Group: njafarian/njafarian
State: CANCELLED (exit code 0)
Nodes: 1
Cores per node: 192
CPU Utilized: 00:00:00
CPU Efficiency: 0.00% of 10-18:30:24 core-walltime
Job Wall-clock time: 01:20:47
Memory Utilized: 56.97 MB
Memory Efficiency: 0.02% of 336.00 GB

JOB STATISTICS
==============
Job ID: 10465879
Array Job ID: 10465844_34
Cluster: snellius
User/Group: njafarian/njafarian
State: CANCELLED (exit code 0)
Nodes: 1
Cores per node: 192
CPU Utilized: 00:00:00
CPU Efficiency: 0.00% of 10-18:30:24 core-walltime
Job Wall-clock time: 01:20:47
Memory Utilized: 63.03 MB
Memory Efficiency: 0.02% of 336.00 GB

JOB STATISTICS
==============
Job ID: 10465863
Array Job ID: 10465844_18
Cluster: snellius
User/Group: njafarian/njafarian
State: CANCELLED (exit code 0)
Nodes: 1
Cores per node: 192
CPU Utilized: 00:00:00
CPU Efficiency: 0.00% of 10-18:30:24 core-walltime
Job Wall-clock time: 01:20:47
Memory Utilized: 90.78 MB
Memory Efficiency: 0.03% of 336.00 GB

JOB STATISTICS
==============
Job ID: 10465864
Array Job ID: 10465844_19
Cluster: snellius
User/Group: njafarian/njafarian
State: CANCELLED (exit code 0)
Nodes: 1
Cores per node: 192
CPU Utilized: 00:00:00
CPU Efficiency: 0.00% of 10-18:30:24 core-walltime
Job Wall-clock time: 01:20:47
Memory Utilized: 87.35 MB
Memory Efficiency: 0.03% of 336.00 GB

JOB STATISTICS
==============
Job ID: 10465862
Array Job ID: 10465844_17
Cluster: snellius
User/Group: njafarian/njafarian
State: CANCELLED (exit code 0)
Nodes: 1
Cores per node: 192
CPU Utilized: 00:00:00
CPU Efficiency: 0.00% of 10-18:30:24 core-walltime
Job Wall-clock time: 01:20:47
Memory Utilized: 60.46 MB
Memory Efficiency: 0.02% of 336.00 GB

JOB STATISTICS
==============
Job ID: 10465866
Array Job ID: 10465844_21
Cluster: snellius
User/Group: njafarian/njafarian
State: CANCELLED (exit code 0)
Nodes: 1
Cores per node: 192
CPU Utilized: 00:00:00
CPU Efficiency: 0.00% of 10-18:30:24 core-walltime
Job Wall-clock time: 01:20:47
Memory Utilized: 55.50 MB
Memory Efficiency: 0.02% of 336.00 GB

JOB STATISTICS
==============
Job ID: 10465860
Array Job ID: 10465844_15
Cluster: snellius
User/Group: njafarian/njafarian
State: CANCELLED (exit code 0)
Nodes: 1
Cores per node: 192
CPU Utilized: 00:00:00
CPU Efficiency: 0.00% of 10-18:30:24 core-walltime
Job Wall-clock time: 01:20:47
Memory Utilized: 88.64 MB
Memory Efficiency: 0.03% of 336.00 GB

JOB STATISTICS
==============
Job ID: 10465859
Array Job ID: 10465844_14
Cluster: snellius
User/Group: njafarian/njafarian
State: CANCELLED (exit code 0)
Nodes: 1
Cores per node: 192
CPU Utilized: 00:00:00
CPU Efficiency: 0.00% of 10-18:30:24 core-walltime
Job Wall-clock time: 01:20:47
Memory Utilized: 82.46 MB
Memory Efficiency: 0.02% of 336.00 GB

JOB STATISTICS
==============
Job ID: 10465857
Array Job ID: 10465844_12
Cluster: snellius
User/Group: njafarian/njafarian
State: CANCELLED (exit code 0)
Nodes: 1
Cores per node: 192
CPU Utilized: 00:00:00
CPU Efficiency: 0.00% of 10-18:30:24 core-walltime
Job Wall-clock time: 01:20:47
Memory Utilized: 112.25 MB
Memory Efficiency: 0.03% of 336.00 GB

JOB STATISTICS
==============
Job ID: 10465865
Array Job ID: 10465844_20
Cluster: snellius
User/Group: njafarian/njafarian
State: CANCELLED (exit code 0)
Nodes: 1
Cores per node: 192
CPU Utilized: 00:00:00
CPU Efficiency: 0.00% of 10-18:30:24 core-walltime
Job Wall-clock time: 01:20:47
Memory Utilized: 90.45 MB
Memory Efficiency: 0.03% of 336.00 GB

JOB STATISTICS
==============
Job ID: 10465858
Array Job ID: 10465844_13
Cluster: snellius
User/Group: njafarian/njafarian
State: CANCELLED (exit code 0)
Nodes: 1
Cores per node: 192
CPU Utilized: 00:00:00
CPU Efficiency: 0.00% of 10-18:30:24 core-walltime
Job Wall-clock time: 01:20:47
Memory Utilized: 84.58 MB
Memory Efficiency: 0.02% of 336.00 GB

JOB STATISTICS
==============
Job ID: 10465855
Array Job ID: 10465844_10
Cluster: snellius
User/Group: njafarian/njafarian
State: CANCELLED (exit code 0)
Nodes: 1
Cores per node: 192
CPU Utilized: 00:00:00
CPU Efficiency: 0.00% of 10-18:30:24 core-walltime
Job Wall-clock time: 01:20:47
Memory Utilized: 109.44 MB
Memory Efficiency: 0.03% of 336.00 GB

JOB STATISTICS
==============
Job ID: 10465856
Array Job ID: 10465844_11
Cluster: snellius
User/Group: njafarian/njafarian
State: CANCELLED (exit code 0)
Nodes: 1
Cores per node: 192
CPU Utilized: 00:00:00
CPU Efficiency: 0.00% of 10-18:30:24 core-walltime
Job Wall-clock time: 01:20:47
Memory Utilized: 81.14 MB
Memory Efficiency: 0.02% of 336.00 GB

JOB STATISTICS
==============
Job ID: 10465853
Array Job ID: 10465844_8
Cluster: snellius
User/Group: njafarian/njafarian
State: CANCELLED (exit code 0)
Nodes: 1
Cores per node: 192
CPU Utilized: 00:00:00
CPU Efficiency: 0.00% of 10-18:30:24 core-walltime
Job Wall-clock time: 01:20:47
Memory Utilized: 107.99 MB
Memory Efficiency: 0.03% of 336.00 GB

JOB STATISTICS
==============
Job ID: 10465854
Array Job ID: 10465844_9
Cluster: snellius
User/Group: njafarian/njafarian
State: CANCELLED (exit code 0)
Nodes: 1
Cores per node: 192
CPU Utilized: 00:00:00
CPU Efficiency: 0.00% of 10-18:30:24 core-walltime
Job Wall-clock time: 01:20:47
Memory Utilized: 106.70 MB
Memory Efficiency: 0.03% of 336.00 GB

JOB STATISTICS
==============
Job ID: 10465861
Array Job ID: 10465844_16
Cluster: snellius
User/Group: njafarian/njafarian
State: CANCELLED (exit code 0)
Nodes: 1
Cores per node: 192
CPU Utilized: 00:00:00
CPU Efficiency: 0.00% of 10-18:30:24 core-walltime
Job Wall-clock time: 01:20:47
Memory Utilized: 91.25 MB
Memory Efficiency: 0.03% of 336.00 GB

JOB STATISTICS
==============
Job ID: 10465850
Array Job ID: 10465844_5
Cluster: snellius
User/Group: njafarian/njafarian
State: CANCELLED (exit code 0)
Nodes: 1
Cores per node: 192
CPU Utilized: 00:00:00
CPU Efficiency: 0.00% of 10-18:30:24 core-walltime
Job Wall-clock time: 01:20:47
Memory Utilized: 141.12 MB
Memory Efficiency: 0.04% of 336.00 GB

JOB STATISTICS
==============
Job ID: 10465849
Array Job ID: 10465844_4
Cluster: snellius
User/Group: njafarian/njafarian
State: CANCELLED (exit code 0)
Nodes: 1
Cores per node: 192
CPU Utilized: 00:00:00
CPU Efficiency: 0.00% of 10-18:30:24 core-walltime
Job Wall-clock time: 01:20:47
Memory Utilized: 164.80 MB
Memory Efficiency: 0.05% of 336.00 GB

JOB STATISTICS
==============
Job ID: 10465852
Array Job ID: 10465844_7
Cluster: snellius
User/Group: njafarian/njafarian
State: CANCELLED (exit code 0)
Nodes: 1
Cores per node: 192
CPU Utilized: 00:00:00
CPU Efficiency: 0.00% of 10-18:30:24 core-walltime
Job Wall-clock time: 01:20:47
Memory Utilized: 117.47 MB
Memory Efficiency: 0.03% of 336.00 GB

JOB STATISTICS
==============
Job ID: 10465847
Array Job ID: 10465844_2
Cluster: snellius
User/Group: njafarian/njafarian
State: CANCELLED (exit code 0)
Nodes: 1
Cores per node: 192
CPU Utilized: 00:00:00
CPU Efficiency: 0.00% of 10-18:30:24 core-walltime
Job Wall-clock time: 01:20:47
Memory Utilized: 180.16 MB
Memory Efficiency: 0.05% of 336.00 GB

JOB STATISTICS
==============
Job ID: 10465872
Array Job ID: 10465844_27
Cluster: snellius
User/Group: njafarian/njafarian
State: CANCELLED (exit code 0)
Nodes: 1
Cores per node: 192
CPU Utilized: 00:00:00
CPU Efficiency: 0.00% of 10-18:30:24 core-walltime
Job Wall-clock time: 01:20:47
Memory Utilized: 58.43 MB
Memory Efficiency: 0.02% of 336.00 GB

JOB STATISTICS
==============
Job ID: 10465851
Array Job ID: 10465844_6
Cluster: snellius
User/Group: njafarian/njafarian
State: CANCELLED (exit code 0)
Nodes: 1
Cores per node: 192
CPU Utilized: 00:00:00
CPU Efficiency: 0.00% of 10-18:30:24 core-walltime
Job Wall-clock time: 01:20:47
Memory Utilized: 144.28 MB
Memory Efficiency: 0.04% of 336.00 GB
