Loaded 49 adjacency matrices.
Generated 500 unique permutations...
Generated 1000 unique permutations...
Generated 1500 unique permutations...
Generated 2000 unique permutations...
Generated 2500 unique permutations...
Generated 3000 unique permutations...
Generated 3500 unique permutations...
Generated 4000 unique permutations...
Generated 4500 unique permutations...
Generated 5000 unique permutations...
Generated 5500 unique permutations...
Generated 6000 unique permutations...
Generated 6500 unique permutations...
Generated 7000 unique permutations...
Generated 7500 unique permutations...
Generated 8000 unique permutations...
Generated 8500 unique permutations...
Generated 9000 unique permutations...
Generated 9500 unique permutations...
Generated 10000 unique permutations...
Number of combinations: 25

JOB STATISTICS
==============
Job ID: 10452963
Array Job ID: 10452960_0
Cluster: snellius
User/Group: njafarian/njafarian
State: RUNNING
Nodes: 1
Cores per node: 192
CPU Utilized: 00:00:00
CPU Efficiency: 0.00% of 2-18:36:48 core-walltime
Job Wall-clock time: 00:20:49
Memory Utilized: 0.00 MB (estimated maximum)
Memory Efficiency: 0.00% of 336.00 GB (1.75 GB/core)
WARNING: Efficiency statistics may be misleading for RUNNING jobs.
Loaded 49 adjacency matrices.
Generated 500 unique permutations...
Generated 1000 unique permutations...
Generated 1500 unique permutations...
Generated 2000 unique permutations...
Generated 2500 unique permutations...
Generated 3000 unique permutations...
Generated 3500 unique permutations...
Generated 4000 unique permutations...
Generated 4500 unique permutations...
Generated 5000 unique permutations...
Generated 5500 unique permutations...
Generated 6000 unique permutations...
Generated 6500 unique permutations...
Generated 7000 unique permutations...
Generated 7500 unique permutations...
Generated 8000 unique permutations...
Generated 8500 unique permutations...
Generated 9000 unique permutations...
Generated 9500 unique permutations...
Generated 10000 unique permutations...
Number of combinations: 25

JOB STATISTICS
==============
Job ID: 10452996
Array Job ID: 10452960_33
Cluster: snellius
User/Group: njafarian/njafarian
State: RUNNING
Nodes: 1
Cores per node: 192
CPU Utilized: 00:00:00
CPU Efficiency: 0.00% of 16-04:06:24 core-walltime
Job Wall-clock time: 02:01:17
Memory Utilized: 0.00 MB (estimated maximum)
Memory Efficiency: 0.00% of 336.00 GB (1.75 GB/core)
WARNING: Efficiency statistics may be misleading for RUNNING jobs.
slurmstepd: error: *** JOB 10452964 ON tcn1094 CANCELLED AT 2025-03-12T02:27:38 DUE TO TIME LIMIT ***
slurmstepd: error: *** JOB 10452965 ON tcn791 CANCELLED AT 2025-03-12T02:27:38 DUE TO TIME LIMIT ***
slurmstepd: error: *** JOB 10452966 ON tcn802 CANCELLED AT 2025-03-12T02:27:38 DUE TO TIME LIMIT ***
slurmstepd: error: *** JOB 10452967 ON tcn805 CANCELLED AT 2025-03-12T02:27:38 DUE TO TIME LIMIT ***
slurmstepd: error: *** JOB 10452968 ON tcn808 CANCELLED AT 2025-03-12T02:27:38 DUE TO TIME LIMIT ***
slurmstepd: error: *** JOB 10452969 ON tcn812 CANCELLED AT 2025-03-12T02:27:38 DUE TO TIME LIMIT ***
slurmstepd: error: *** JOB 10452970 ON tcn813 CANCELLED AT 2025-03-12T02:27:38 DUE TO TIME LIMIT ***
slurmstepd: error: *** JOB 10452971 ON tcn907 CANCELLED AT 2025-03-12T02:27:38 DUE TO TIME LIMIT ***
slurmstepd: error: *** JOB 10452972 ON tcn908 CANCELLED AT 2025-03-12T02:27:38 DUE TO TIME LIMIT ***
slurmstepd: error: *** JOB 10452973 ON tcn910 CANCELLED AT 2025-03-12T02:27:38 DUE TO TIME LIMIT ***
slurmstepd: error: *** JOB 10452974 ON tcn919 CANCELLED AT 2025-03-12T02:27:38 DUE TO TIME LIMIT ***
slurmstepd: error: *** JOB 10452975 ON tcn931 CANCELLED AT 2025-03-12T02:27:38 DUE TO TIME LIMIT ***
slurmstepd: error: *** JOB 10452976 ON tcn933 CANCELLED AT 2025-03-12T02:27:38 DUE TO TIME LIMIT ***
slurmstepd: error: *** JOB 10452977 ON tcn934 CANCELLED AT 2025-03-12T02:27:38 DUE TO TIME LIMIT ***
slurmstepd: error: *** JOB 10452978 ON tcn946 CANCELLED AT 2025-03-12T02:27:38 DUE TO TIME LIMIT ***
slurmstepd: error: *** JOB 10452979 ON tcn527 CANCELLED AT 2025-03-12T02:27:38 DUE TO TIME LIMIT ***
slurmstepd: error: *** JOB 10452980 ON tcn528 CANCELLED AT 2025-03-12T02:27:38 DUE TO TIME LIMIT ***
slurmstepd: error: *** JOB 10452981 ON tcn529 CANCELLED AT 2025-03-12T02:27:38 DUE TO TIME LIMIT ***
slurmstepd: error: *** JOB 10452982 ON tcn530 CANCELLED AT 2025-03-12T02:27:38 DUE TO TIME LIMIT ***
slurmstepd: error: *** JOB 10452983 ON tcn531 CANCELLED AT 2025-03-12T02:27:38 DUE TO TIME LIMIT ***
slurmstepd: error: *** JOB 10452984 ON tcn532 CANCELLED AT 2025-03-12T02:27:38 DUE TO TIME LIMIT ***
slurmstepd: error: *** JOB 10452985 ON tcn533 CANCELLED AT 2025-03-12T02:27:38 DUE TO TIME LIMIT ***
slurmstepd: error: *** JOB 10452986 ON tcn534 CANCELLED AT 2025-03-12T02:27:38 DUE TO TIME LIMIT ***
slurmstepd: error: *** JOB 10452987 ON tcn535 CANCELLED AT 2025-03-12T02:27:38 DUE TO TIME LIMIT ***
slurmstepd: error: *** JOB 10452988 ON tcn536 CANCELLED AT 2025-03-12T02:27:38 DUE TO TIME LIMIT ***
slurmstepd: error: *** JOB 10452989 ON tcn537 CANCELLED AT 2025-03-12T02:27:38 DUE TO TIME LIMIT ***
slurmstepd: error: *** JOB 10452990 ON tcn538 CANCELLED AT 2025-03-12T02:27:38 DUE TO TIME LIMIT ***
slurmstepd: error: *** JOB 10452991 ON tcn539 CANCELLED AT 2025-03-12T02:27:38 DUE TO TIME LIMIT ***
slurmstepd: error: *** JOB 10452992 ON tcn540 CANCELLED AT 2025-03-12T02:27:38 DUE TO TIME LIMIT ***
slurmstepd: error: *** JOB 10452993 ON tcn541 CANCELLED AT 2025-03-12T02:27:38 DUE TO TIME LIMIT ***
slurmstepd: error: *** JOB 10452994 ON tcn542 CANCELLED AT 2025-03-12T02:27:38 DUE TO TIME LIMIT ***
slurmstepd: error: *** JOB 10452995 ON tcn543 CANCELLED AT 2025-03-12T02:27:38 DUE TO TIME LIMIT ***
slurmstepd: error: *** JOB 10452997 ON tcn545 CANCELLED AT 2025-03-12T02:27:38 DUE TO TIME LIMIT ***
slurmstepd: error: *** JOB 10452998 ON tcn546 CANCELLED AT 2025-03-12T02:27:38 DUE TO TIME LIMIT ***
slurmstepd: error: *** JOB 10452999 ON tcn547 CANCELLED AT 2025-03-12T02:27:38 DUE TO TIME LIMIT ***
slurmstepd: error: *** JOB 10453000 ON tcn548 CANCELLED AT 2025-03-12T02:27:38 DUE TO TIME LIMIT ***
slurmstepd: error: *** JOB 10453001 ON tcn549 CANCELLED AT 2025-03-12T02:27:38 DUE TO TIME LIMIT ***
slurmstepd: error: *** JOB 10453002 ON tcn551 CANCELLED AT 2025-03-12T02:27:38 DUE TO TIME LIMIT ***
slurmstepd: error: *** JOB 10453003 ON tcn552 CANCELLED AT 2025-03-12T02:27:38 DUE TO TIME LIMIT ***
slurmstepd: error: *** JOB 10453004 ON tcn553 CANCELLED AT 2025-03-12T02:27:38 DUE TO TIME LIMIT ***
slurmstepd: error: *** JOB 10453005 ON tcn554 CANCELLED AT 2025-03-12T02:27:38 DUE TO TIME LIMIT ***
slurmstepd: error: *** JOB 10453006 ON tcn555 CANCELLED AT 2025-03-12T02:27:38 DUE TO TIME LIMIT ***
slurmstepd: error: *** JOB 10453007 ON tcn556 CANCELLED AT 2025-03-12T02:27:38 DUE TO TIME LIMIT ***
slurmstepd: error: *** JOB 10453008 ON tcn557 CANCELLED AT 2025-03-12T02:27:38 DUE TO TIME LIMIT ***
slurmstepd: error: *** JOB 10453009 ON tcn558 CANCELLED AT 2025-03-12T02:27:38 DUE TO TIME LIMIT ***
slurmstepd: error: *** JOB 10453010 ON tcn559 CANCELLED AT 2025-03-12T02:27:38 DUE TO TIME LIMIT ***
slurmstepd: error: *** JOB 10452960 ON tcn560 CANCELLED AT 2025-03-12T02:27:38 DUE TO TIME LIMIT ***

JOB STATISTICS
==============
Job ID: 10452964
Array Job ID: 10452960_1
Cluster: snellius
User/Group: njafarian/njafarian
State: TIMEOUT (exit code 0)
Nodes: 1
Cores per node: 192
CPU Utilized: 00:00:00
CPU Efficiency: 0.00% of 22-00:28:48 core-walltime
Job Wall-clock time: 02:45:09
Memory Utilized: 293.00 MB
Memory Efficiency: 0.09% of 336.00 GB

JOB STATISTICS
==============
Job ID: 10452965
Array Job ID: 10452960_2
Cluster: snellius
User/Group: njafarian/njafarian
State: TIMEOUT (exit code 0)
Nodes: 1
Cores per node: 192
CPU Utilized: 00:00:00
CPU Efficiency: 0.00% of 22-00:32:00 core-walltime
Job Wall-clock time: 02:45:10
Memory Utilized: 270.20 MB
Memory Efficiency: 0.08% of 336.00 GB

JOB STATISTICS
==============
Job ID: 10452966
Array Job ID: 10452960_3
Cluster: snellius
User/Group: njafarian/njafarian
State: TIMEOUT (exit code 0)
Nodes: 1
Cores per node: 192
CPU Utilized: 00:00:00
CPU Efficiency: 0.00% of 22-00:32:00 core-walltime
Job Wall-clock time: 02:45:10
Memory Utilized: 266.07 MB
Memory Efficiency: 0.08% of 336.00 GB

JOB STATISTICS
==============
Job ID: 10452967
Array Job ID: 10452960_4
Cluster: snellius
User/Group: njafarian/njafarian
State: TIMEOUT (exit code 0)
Nodes: 1
Cores per node: 192
CPU Utilized: 00:00:00
CPU Efficiency: 0.00% of 22-00:32:00 core-walltime
Job Wall-clock time: 02:45:10
Memory Utilized: 257.87 MB
Memory Efficiency: 0.07% of 336.00 GB

JOB STATISTICS
==============
Job ID: 10452968
Array Job ID: 10452960_5
Cluster: snellius
User/Group: njafarian/njafarian
State: TIMEOUT (exit code 0)
Nodes: 1
Cores per node: 192
CPU Utilized: 00:00:00
CPU Efficiency: 0.00% of 22-00:32:00 core-walltime
Job Wall-clock time: 02:45:10
Memory Utilized: 221.40 MB
Memory Efficiency: 0.06% of 336.00 GB

JOB STATISTICS
==============
Job ID: 10452970
Array Job ID: 10452960_7
Cluster: snellius
User/Group: njafarian/njafarian
State: TIMEOUT (exit code 0)
Nodes: 1
Cores per node: 192
CPU Utilized: 00:00:00
CPU Efficiency: 0.00% of 22-00:32:00 core-walltime
Job Wall-clock time: 02:45:10
Memory Utilized: 214.30 MB
Memory Efficiency: 0.06% of 336.00 GB

JOB STATISTICS
==============
Job ID: 10452969
Array Job ID: 10452960_6
Cluster: snellius
User/Group: njafarian/njafarian
State: TIMEOUT (exit code 0)
Nodes: 1
Cores per node: 192
CPU Utilized: 00:00:00
CPU Efficiency: 0.00% of 22-00:32:00 core-walltime
Job Wall-clock time: 02:45:10
Memory Utilized: 232.00 MB
Memory Efficiency: 0.07% of 336.00 GB

JOB STATISTICS
==============
Job ID: 10452972
Array Job ID: 10452960_9
Cluster: snellius
User/Group: njafarian/njafarian
State: TIMEOUT (exit code 0)
Nodes: 1
Cores per node: 192
CPU Utilized: 00:00:00
CPU Efficiency: 0.00% of 22-00:32:00 core-walltime
Job Wall-clock time: 02:45:10
Memory Utilized: 196.73 MB
Memory Efficiency: 0.06% of 336.00 GB

JOB STATISTICS
==============
Job ID: 10452971
Array Job ID: 10452960_8
Cluster: snellius
User/Group: njafarian/njafarian
State: TIMEOUT (exit code 0)
Nodes: 1
Cores per node: 192
CPU Utilized: 00:00:00
CPU Efficiency: 0.00% of 22-00:32:00 core-walltime
Job Wall-clock time: 02:45:10
Memory Utilized: 197.64 MB
Memory Efficiency: 0.06% of 336.00 GB

JOB STATISTICS
==============
Job ID: 10452973
Array Job ID: 10452960_10
Cluster: snellius
User/Group: njafarian/njafarian
State: TIMEOUT (exit code 0)
Nodes: 1
Cores per node: 192
CPU Utilized: 00:00:00
CPU Efficiency: 0.00% of 22-00:32:00 core-walltime
Job Wall-clock time: 02:45:10
Memory Utilized: 157.45 MB
Memory Efficiency: 0.05% of 336.00 GB

JOB STATISTICS
==============
Job ID: 10452974
Array Job ID: 10452960_11
Cluster: snellius
User/Group: njafarian/njafarian
State: TIMEOUT (exit code 0)
Nodes: 1
Cores per node: 192
CPU Utilized: 00:00:00
CPU Efficiency: 0.00% of 22-00:32:00 core-walltime
Job Wall-clock time: 02:45:10
Memory Utilized: 157.44 MB
Memory Efficiency: 0.05% of 336.00 GB

JOB STATISTICS
==============
Job ID: 10452975
Array Job ID: 10452960_12
Cluster: snellius
User/Group: njafarian/njafarian
State: TIMEOUT (exit code 0)
Nodes: 1
Cores per node: 192
CPU Utilized: 00:00:00
CPU Efficiency: 0.00% of 22-00:32:00 core-walltime
Job Wall-clock time: 02:45:10
Memory Utilized: 195.23 MB
Memory Efficiency: 0.06% of 336.00 GB

JOB STATISTICS
==============
Job ID: 10452976
Array Job ID: 10452960_13
Cluster: snellius
User/Group: njafarian/njafarian
State: TIMEOUT (exit code 0)
Nodes: 1
Cores per node: 192
CPU Utilized: 00:00:00
CPU Efficiency: 0.00% of 22-00:32:00 core-walltime
Job Wall-clock time: 02:45:10
Memory Utilized: 159.00 MB
Memory Efficiency: 0.05% of 336.00 GB

JOB STATISTICS
==============
Job ID: 10452977
Array Job ID: 10452960_14
Cluster: snellius
User/Group: njafarian/njafarian
State: TIMEOUT (exit code 0)
Nodes: 1
Cores per node: 192
CPU Utilized: 00:00:00
CPU Efficiency: 0.00% of 22-00:32:00 core-walltime
Job Wall-clock time: 02:45:10
Memory Utilized: 156.10 MB
Memory Efficiency: 0.05% of 336.00 GB

JOB STATISTICS
==============
Job ID: 10452978
Array Job ID: 10452960_15
Cluster: snellius
User/Group: njafarian/njafarian
State: TIMEOUT (exit code 0)
Nodes: 1
Cores per node: 192
CPU Utilized: 00:00:00
CPU Efficiency: 0.00% of 22-00:32:00 core-walltime
Job Wall-clock time: 02:45:10
Memory Utilized: 157.47 MB
Memory Efficiency: 0.05% of 336.00 GB

JOB STATISTICS
==============
Job ID: 10452979
Array Job ID: 10452960_16
Cluster: snellius
User/Group: njafarian/njafarian
State: TIMEOUT (exit code 0)
Nodes: 1
Cores per node: 192
CPU Utilized: 00:00:00
CPU Efficiency: 0.00% of 22-00:32:00 core-walltime
Job Wall-clock time: 02:45:10
Memory Utilized: 157.53 MB
Memory Efficiency: 0.05% of 336.00 GB

JOB STATISTICS
==============
Job ID: 10452980
Array Job ID: 10452960_17
Cluster: snellius
User/Group: njafarian/njafarian
State: TIMEOUT (exit code 0)
Nodes: 1
Cores per node: 192
CPU Utilized: 00:00:00
CPU Efficiency: 0.00% of 22-00:32:00 core-walltime
Job Wall-clock time: 02:45:10
Memory Utilized: 151.50 MB
Memory Efficiency: 0.04% of 336.00 GB

JOB STATISTICS
==============
Job ID: 10452981
Array Job ID: 10452960_18
Cluster: snellius
User/Group: njafarian/njafarian
State: TIMEOUT (exit code 0)
Nodes: 1
Cores per node: 192
CPU Utilized: 00:00:00
CPU Efficiency: 0.00% of 22-00:32:00 core-walltime
Job Wall-clock time: 02:45:10
Memory Utilized: 155.97 MB
Memory Efficiency: 0.05% of 336.00 GB

JOB STATISTICS
==============
Job ID: 10452982
Array Job ID: 10452960_19
Cluster: snellius
User/Group: njafarian/njafarian
State: TIMEOUT (exit code 0)
Nodes: 1
Cores per node: 192
CPU Utilized: 00:00:00
CPU Efficiency: 0.00% of 22-00:32:00 core-walltime
Job Wall-clock time: 02:45:10
Memory Utilized: 156.76 MB
Memory Efficiency: 0.05% of 336.00 GB

JOB STATISTICS
==============
Job ID: 10452984
Array Job ID: 10452960_21
Cluster: snellius
User/Group: njafarian/njafarian
State: TIMEOUT (exit code 0)
Nodes: 1
Cores per node: 192
CPU Utilized: 00:00:00
CPU Efficiency: 0.00% of 22-00:32:00 core-walltime
Job Wall-clock time: 02:45:10
Memory Utilized: 124.76 MB
Memory Efficiency: 0.04% of 336.00 GB

JOB STATISTICS
==============
Job ID: 10452985
Array Job ID: 10452960_22
Cluster: snellius
User/Group: njafarian/njafarian
State: TIMEOUT (exit code 0)
Nodes: 1
Cores per node: 192
CPU Utilized: 00:00:00
CPU Efficiency: 0.00% of 22-00:32:00 core-walltime
Job Wall-clock time: 02:45:10
Memory Utilized: 123.59 MB
Memory Efficiency: 0.04% of 336.00 GB

JOB STATISTICS
==============
Job ID: 10452986
Array Job ID: 10452960_23
Cluster: snellius
User/Group: njafarian/njafarian
State: TIMEOUT (exit code 0)
Nodes: 1
Cores per node: 192
CPU Utilized: 00:00:00
CPU Efficiency: 0.00% of 22-00:32:00 core-walltime
Job Wall-clock time: 02:45:10
Memory Utilized: 124.77 MB
Memory Efficiency: 0.04% of 336.00 GB

JOB STATISTICS
==============
Job ID: 10452988
Array Job ID: 10452960_25
Cluster: snellius
User/Group: njafarian/njafarian
State: TIMEOUT (exit code 0)
Nodes: 1
Cores per node: 192
CPU Utilized: 00:00:00
CPU Efficiency: 0.00% of 22-00:32:00 core-walltime
Job Wall-clock time: 02:45:10
Memory Utilized: 121.45 MB
Memory Efficiency: 0.04% of 336.00 GB

JOB STATISTICS
==============
Job ID: 10452983
Array Job ID: 10452960_20
Cluster: snellius
User/Group: njafarian/njafarian
State: TIMEOUT (exit code 0)
Nodes: 1
Cores per node: 192
CPU Utilized: 00:00:00
CPU Efficiency: 0.00% of 22-00:32:00 core-walltime
Job Wall-clock time: 02:45:10
Memory Utilized: 122.98 MB
Memory Efficiency: 0.04% of 336.00 GB

JOB STATISTICS
==============
Job ID: 10452990
Array Job ID: 10452960_27
Cluster: snellius
User/Group: njafarian/njafarian
State: TIMEOUT (exit code 0)
Nodes: 1
Cores per node: 192
CPU Utilized: 00:00:00
CPU Efficiency: 0.00% of 22-00:32:00 core-walltime
Job Wall-clock time: 02:45:10
Memory Utilized: 124.84 MB
Memory Efficiency: 0.04% of 336.00 GB

JOB STATISTICS
==============
Job ID: 10452991
Array Job ID: 10452960_28
Cluster: snellius
User/Group: njafarian/njafarian
State: TIMEOUT (exit code 0)
Nodes: 1
Cores per node: 192
CPU Utilized: 00:00:00
CPU Efficiency: 0.00% of 22-00:32:00 core-walltime
Job Wall-clock time: 02:45:10
Memory Utilized: 121.45 MB
Memory Efficiency: 0.04% of 336.00 GB

JOB STATISTICS
==============
Job ID: 10452987
Array Job ID: 10452960_24
Cluster: snellius
User/Group: njafarian/njafarian
State: TIMEOUT (exit code 0)
Nodes: 1
Cores per node: 192
CPU Utilized: 00:00:00
CPU Efficiency: 0.00% of 22-00:32:00 core-walltime
Job Wall-clock time: 02:45:10
Memory Utilized: 123.00 MB
Memory Efficiency: 0.04% of 336.00 GB

JOB STATISTICS
==============
Job ID: 10452994
Array Job ID: 10452960_31
Cluster: snellius
User/Group: njafarian/njafarian
State: TIMEOUT (exit code 0)
Nodes: 1
Cores per node: 192
CPU Utilized: 00:00:00
CPU Efficiency: 0.00% of 22-00:32:00 core-walltime
Job Wall-clock time: 02:45:10
Memory Utilized: 121.45 MB
Memory Efficiency: 0.04% of 336.00 GB

JOB STATISTICS
==============
Job ID: 10452993
Array Job ID: 10452960_30
Cluster: snellius
User/Group: njafarian/njafarian
State: TIMEOUT (exit code 0)
Nodes: 1
Cores per node: 192
CPU Utilized: 00:00:00
CPU Efficiency: 0.00% of 22-00:32:00 core-walltime
Job Wall-clock time: 02:45:10
Memory Utilized: 121.52 MB
Memory Efficiency: 0.04% of 336.00 GB

JOB STATISTICS
==============
Job ID: 10452989
Array Job ID: 10452960_26
Cluster: snellius
User/Group: njafarian/njafarian
State: TIMEOUT (exit code 0)
Nodes: 1
Cores per node: 192
CPU Utilized: 00:00:00
CPU Efficiency: 0.00% of 22-00:32:00 core-walltime
Job Wall-clock time: 02:45:10
Memory Utilized: 121.48 MB
Memory Efficiency: 0.04% of 336.00 GB

JOB STATISTICS
==============
Job ID: 10452995
Array Job ID: 10452960_32
Cluster: snellius
User/Group: njafarian/njafarian
State: TIMEOUT (exit code 0)
Nodes: 1
Cores per node: 192
CPU Utilized: 00:00:00
CPU Efficiency: 0.00% of 22-00:32:00 core-walltime
Job Wall-clock time: 02:45:10
Memory Utilized: 121.52 MB
Memory Efficiency: 0.04% of 336.00 GB

JOB STATISTICS
==============
Job ID: 10452998
Array Job ID: 10452960_35
Cluster: snellius
User/Group: njafarian/njafarian
State: TIMEOUT (exit code 0)
Nodes: 1
Cores per node: 192
CPU Utilized: 00:00:00
CPU Efficiency: 0.00% of 22-00:32:00 core-walltime
Job Wall-clock time: 02:45:10
Memory Utilized: 121.45 MB
Memory Efficiency: 0.04% of 336.00 GB

JOB STATISTICS
==============
Job ID: 10452999
Array Job ID: 10452960_36
Cluster: snellius
User/Group: njafarian/njafarian
State: TIMEOUT (exit code 0)
Nodes: 1
Cores per node: 192
CPU Utilized: 00:00:00
CPU Efficiency: 0.00% of 22-00:32:00 core-walltime
Job Wall-clock time: 02:45:10
Memory Utilized: 123.33 MB
Memory Efficiency: 0.04% of 336.00 GB

JOB STATISTICS
==============
Job ID: 10452992
Array Job ID: 10452960_29
Cluster: snellius
User/Group: njafarian/njafarian
State: TIMEOUT (exit code 0)
Nodes: 1
Cores per node: 192
CPU Utilized: 00:00:00
CPU Efficiency: 0.00% of 22-00:32:00 core-walltime
Job Wall-clock time: 02:45:10
Memory Utilized: 121.45 MB
Memory Efficiency: 0.04% of 336.00 GB

JOB STATISTICS
==============
Job ID: 10453000
Array Job ID: 10452960_37
Cluster: snellius
User/Group: njafarian/njafarian
State: TIMEOUT (exit code 0)
Nodes: 1
Cores per node: 192
CPU Utilized: 00:00:00
CPU Efficiency: 0.00% of 22-00:32:00 core-walltime
Job Wall-clock time: 02:45:10
Memory Utilized: 122.92 MB
Memory Efficiency: 0.04% of 336.00 GB

JOB STATISTICS
==============
Job ID: 10453001
Array Job ID: 10452960_38
Cluster: snellius
User/Group: njafarian/njafarian
State: TIMEOUT (exit code 0)
Nodes: 1
Cores per node: 192
CPU Utilized: 00:00:00
CPU Efficiency: 0.00% of 22-00:32:00 core-walltime
Job Wall-clock time: 02:45:10
Memory Utilized: 124.52 MB
Memory Efficiency: 0.04% of 336.00 GB

JOB STATISTICS
==============
Job ID: 10453004
Array Job ID: 10452960_41
Cluster: snellius
User/Group: njafarian/njafarian
State: TIMEOUT (exit code 0)
Nodes: 1
Cores per node: 192
CPU Utilized: 00:00:00
CPU Efficiency: 0.00% of 22-00:32:00 core-walltime
Job Wall-clock time: 02:45:10
Memory Utilized: 121.43 MB
Memory Efficiency: 0.04% of 336.00 GB

JOB STATISTICS
==============
Job ID: 10452997
Array Job ID: 10452960_34
Cluster: snellius
User/Group: njafarian/njafarian
State: TIMEOUT (exit code 0)
Nodes: 1
Cores per node: 192
CPU Utilized: 00:00:00
CPU Efficiency: 0.00% of 22-00:32:00 core-walltime
Job Wall-clock time: 02:45:10
Memory Utilized: 123.68 MB
Memory Efficiency: 0.04% of 336.00 GB

JOB STATISTICS
==============
Job ID: 10453005
Array Job ID: 10452960_42
Cluster: snellius
User/Group: njafarian/njafarian
State: TIMEOUT (exit code 0)
Nodes: 1
Cores per node: 192
CPU Utilized: 00:00:00
CPU Efficiency: 0.00% of 22-00:32:00 core-walltime
Job Wall-clock time: 02:45:10
Memory Utilized: 121.53 MB
Memory Efficiency: 0.04% of 336.00 GB

JOB STATISTICS
==============
Job ID: 10453003
Array Job ID: 10452960_40
Cluster: snellius
User/Group: njafarian/njafarian
State: TIMEOUT (exit code 0)
Nodes: 1
Cores per node: 192
CPU Utilized: 00:00:00
CPU Efficiency: 0.00% of 22-00:32:00 core-walltime
Job Wall-clock time: 02:45:10
Memory Utilized: 123.04 MB
Memory Efficiency: 0.04% of 336.00 GB

JOB STATISTICS
==============
Job ID: 10453006
Array Job ID: 10452960_43
Cluster: snellius
User/Group: njafarian/njafarian
State: TIMEOUT (exit code 0)
Nodes: 1
Cores per node: 192
CPU Utilized: 00:00:00
CPU Efficiency: 0.00% of 22-00:32:00 core-walltime
Job Wall-clock time: 02:45:10
Memory Utilized: 124.78 MB
Memory Efficiency: 0.04% of 336.00 GB

JOB STATISTICS
==============
Job ID: 10453008
Array Job ID: 10452960_45
Cluster: snellius
User/Group: njafarian/njafarian
State: TIMEOUT (exit code 0)
Nodes: 1
Cores per node: 192
CPU Utilized: 00:00:00
CPU Efficiency: 0.00% of 22-00:32:00 core-walltime
Job Wall-clock time: 02:45:10
Memory Utilized: 121.48 MB
Memory Efficiency: 0.04% of 336.00 GB

JOB STATISTICS
==============
Job ID: 10453009
Array Job ID: 10452960_46
Cluster: snellius
User/Group: njafarian/njafarian
State: TIMEOUT (exit code 0)
Nodes: 1
Cores per node: 192
CPU Utilized: 00:00:00
CPU Efficiency: 0.00% of 22-00:32:00 core-walltime
Job Wall-clock time: 02:45:10
Memory Utilized: 121.47 MB
Memory Efficiency: 0.04% of 336.00 GB

JOB STATISTICS
==============
Job ID: 10453002
Array Job ID: 10452960_39
Cluster: snellius
User/Group: njafarian/njafarian
State: TIMEOUT (exit code 0)
Nodes: 1
Cores per node: 192
CPU Utilized: 00:00:00
CPU Efficiency: 0.00% of 22-00:32:00 core-walltime
Job Wall-clock time: 02:45:10
Memory Utilized: 121.50 MB
Memory Efficiency: 0.04% of 336.00 GB

JOB STATISTICS
==============
Job ID: 10453010
Array Job ID: 10452960_47
Cluster: snellius
User/Group: njafarian/njafarian
State: TIMEOUT (exit code 0)
Nodes: 1
Cores per node: 192
CPU Utilized: 00:00:00
CPU Efficiency: 0.00% of 22-00:32:00 core-walltime
Job Wall-clock time: 02:45:10
Memory Utilized: 123.50 MB
Memory Efficiency: 0.04% of 336.00 GB

JOB STATISTICS
==============
Job ID: 10453007
Array Job ID: 10452960_44
Cluster: snellius
User/Group: njafarian/njafarian
State: TIMEOUT (exit code 0)
Nodes: 1
Cores per node: 192
CPU Utilized: 00:00:00
CPU Efficiency: 0.00% of 22-00:32:00 core-walltime
Job Wall-clock time: 02:45:10
Memory Utilized: 121.44 MB
Memory Efficiency: 0.04% of 336.00 GB
